<?xml version="1.0" encoding="UTF-8"?>
<testsuite name="com.aor.numbers.ListFiltererTest" tests="4" skipped="0" failures="0" errors="0" timestamp="2021-03-17T14:18:59" hostname="MSI" time="0.008">
  <properties/>
  <testcase name="TestDivisiblePos()" classname="com.aor.numbers.ListFiltererTest" time="0.003"/>
  <testcase name="TestPositivePos()" classname="com.aor.numbers.ListFiltererTest" time="0.001"/>
  <testcase name="TestPositiveFalse()" classname="com.aor.numbers.ListFiltererTest" time="0.001"/>
  <testcase name="TestDivisibleFalse()" classname="com.aor.numbers.ListFiltererTest" time="0.0"/>
  <system-out><![CDATA[]]></system-out>
  <system-err><![CDATA[]]></system-err>
</testsuite>
