<?xml version="1.0" encoding="UTF-8"?>
<testsuite name="com.aor.numbers.ListAggregatorTest$DistinctTests" tests="2" skipped="0" failures="0" errors="0" timestamp="2021-03-17T14:18:59" hostname="MSI" time="0.438">
  <properties/>
  <testcase name="max_bug_8726Mockito()" classname="com.aor.numbers.ListAggregatorTest$DistinctTests" time="0.434"/>
  <testcase name="max_bug_8726()" classname="com.aor.numbers.ListAggregatorTest$DistinctTests" time="0.003"/>
  <system-out><![CDATA[]]></system-out>
  <system-err><![CDATA[]]></system-err>
</testsuite>
