<?xml version="1.0" encoding="UTF-8"?>
<testsuite name="com.aor.numbers.ListAggregatorTest$AggregatorGemeral" tests="5" skipped="0" failures="0" errors="0" timestamp="2021-03-17T14:18:59" hostname="MSI" time="0.007">
  <properties/>
  <testcase name="max_bug_7263()" classname="com.aor.numbers.ListAggregatorTest$AggregatorGemeral" time="0.001"/>
  <testcase name="max()" classname="com.aor.numbers.ListAggregatorTest$AggregatorGemeral" time="0.001"/>
  <testcase name="min()" classname="com.aor.numbers.ListAggregatorTest$AggregatorGemeral" time="0.001"/>
  <testcase name="sum()" classname="com.aor.numbers.ListAggregatorTest$AggregatorGemeral" time="0.001"/>
  <testcase name="distinct()" classname="com.aor.numbers.ListAggregatorTest$AggregatorGemeral" time="0.001"/>
  <system-out><![CDATA[]]></system-out>
  <system-err><![CDATA[]]></system-err>
</testsuite>
