<?xml version="1.0" encoding="UTF-8"?>
<testsuite name="com.aor.refactoring.example3.SimpleOrderTest" tests="3" skipped="0" failures="0" errors="0" timestamp="2021-03-31T11:07:53" hostname="MSI" time="0.002">
  <properties/>
  <testcase name="testFixedDiscount" classname="com.aor.refactoring.example3.SimpleOrderTest" time="0.001"/>
  <testcase name="testPercentageDiscount" classname="com.aor.refactoring.example3.SimpleOrderTest" time="0.0"/>
  <testcase name="testNoDiscount" classname="com.aor.refactoring.example3.SimpleOrderTest" time="0.0"/>
  <system-out><![CDATA[]]></system-out>
  <system-err><![CDATA[]]></system-err>
</testsuite>
