<?xml version="1.0" encoding="UTF-8"?>
<testsuite name="com.aor.refactoring.example5.TurtleTest" tests="3" skipped="0" failures="0" errors="0" timestamp="2021-03-31T11:07:53" hostname="MSI" time="0.003">
  <properties/>
  <testcase name="testForward" classname="com.aor.refactoring.example5.TurtleTest" time="0.002"/>
  <testcase name="testRotateLeft" classname="com.aor.refactoring.example5.TurtleTest" time="0.0"/>
  <testcase name="testRotateRight" classname="com.aor.refactoring.example5.TurtleTest" time="0.001"/>
  <system-out><![CDATA[]]></system-out>
  <system-err><![CDATA[]]></system-err>
</testsuite>
