<?xml version="1.0" encoding="UTF-8"?>
<testsuite name="StringRecipeTest" tests="2" skipped="0" failures="0" errors="0" timestamp="2021-03-24T11:49:56" hostname="MSI" time="0.002">
  <properties/>
  <testcase name="orderStringRecipe()" classname="StringRecipeTest" time="0.001"/>
  <testcase name="stringRecipe()" classname="StringRecipeTest" time="0.001"/>
  <system-out><![CDATA[]]></system-out>
  <system-err><![CDATA[]]></system-err>
</testsuite>
