<?xml version="1.0" encoding="UTF-8"?>
<testsuite name="AlienClientTest" tests="3" skipped="0" failures="0" errors="0" timestamp="2021-03-24T11:49:56" hostname="MSI" time="0.04">
  <properties/>
  <testcase name="ferengiStartClosed()" classname="AlienClientTest" time="0.035"/>
  <testcase name="ferengiAlreadyOpened()" classname="AlienClientTest" time="0.001"/>
  <testcase name="romulan()" classname="AlienClientTest" time="0.002"/>
  <system-out><![CDATA[]]></system-out>
  <system-err><![CDATA[]]></system-err>
</testsuite>
