<?xml version="1.0" encoding="UTF-8"?>
<testsuite name="SmartStrategyTest" tests="3" skipped="0" failures="0" errors="0" timestamp="2021-03-24T11:49:56" hostname="MSI" time="0.005">
  <properties/>
  <testcase name="impatientStrategy()" classname="SmartStrategyTest" time="0.002"/>
  <testcase name="smartStrategyStartClosed()" classname="SmartStrategyTest" time="0.0"/>
  <testcase name="smartStrategyStartOpened()" classname="SmartStrategyTest" time="0.001"/>
  <system-out><![CDATA[]]></system-out>
  <system-err><![CDATA[]]></system-err>
</testsuite>
