<?xml version="1.0" encoding="UTF-8"?>
<testsuite name="StringBarTest" tests="2" skipped="0" failures="0" errors="0" timestamp="2021-03-24T11:49:56" hostname="MSI" time="0.003">
  <properties/>
  <testcase name="happyHour()" classname="StringBarTest" time="0.001"/>
  <testcase name="orderStringRecipe()" classname="StringBarTest" time="0.001"/>
  <system-out><![CDATA[]]></system-out>
  <system-err><![CDATA[]]></system-err>
</testsuite>
